
> yoohoo-guru-frontend@1.0.0 build
> webpack --mode production

[webpack-cli] [31mFailed to load '/home/runner/work/yoohooguru/yoohooguru/frontend/webpack.config.js' config[39m
[webpack-cli] [31mError: Cannot find module 'html-webpack-plugin'
Require stack:
- /home/runner/work/yoohooguru/yoohooguru/frontend/webpack.config.js
- /usr/local/lib/node_modules/webpack-cli/lib/webpack-cli.js
- /usr/local/lib/node_modules/webpack-cli/lib/bootstrap.js
- /usr/local/lib/node_modules/webpack-cli/bin/cli.js
- /usr/local/lib/node_modules/webpack/bin/webpack.js
    at Module._resolveFilename (node:internal/modules/cjs/loader:1207:15)
    at Module._load (node:internal/modules/cjs/loader:1038:27)
    at Module.require (node:internal/modules/cjs/loader:1289:19)
    at require (node:internal/modules/helpers:182:18)
    at Object.<anonymous> (/home/runner/work/yoohooguru/yoohooguru/frontend/webpack.config.js:2:27)
    at Module._compile (node:internal/modules/cjs/loader:1521:14)
    at Module._extensions..js (node:internal/modules/cjs/loader:1623:10)
    at Module.load (node:internal/modules/cjs/loader:1266:32)
    at Module._load (node:internal/modules/cjs/loader:1091:12)
    at Module.require (node:internal/modules/cjs/loader:1289:19) {
  code: 'MODULE_NOT_FOUND',
  requireStack: [
    '/home/runner/work/yoohooguru/yoohooguru/frontend/webpack.config.js',
    '/usr/local/lib/node_modules/webpack-cli/lib/webpack-cli.js',
    '/usr/local/lib/node_modules/webpack-cli/lib/bootstrap.js',
    '/usr/local/lib/node_modules/webpack-cli/bin/cli.js',
    '/usr/local/lib/node_modules/webpack/bin/webpack.js'
  ]
}[39m
npm error Lifecycle script `build` failed with error:
npm error code 2
npm error path /home/runner/work/yoohooguru/yoohooguru/frontend
npm error workspace yoohoo-guru-frontend@1.0.0
npm error location /home/runner/work/yoohooguru/yoohooguru/frontend
npm error command failed
npm error command sh -c webpack --mode production
